<?xml version="1.0" encoding="UTF-8"?>
<!-- Generated by org.testng.reporters.JUnitXMLReporter -->
<testsuite ignored="0" hostname="DESKTOP-SG9H466" failures="0" tests="3" name="Default test" time="24.448" errors="0" timestamp="2021-02-04T17:54:45 IST">
  <testcase classname="util.BaseTest" name="testone" time="0.009"/>
  <testcase classname="test.Login" name="testBot_Login" time="1.149"/>
  <testcase classname="test.Profile" name="test_Profile" time="14.331"/>
</testsuite> <!-- Default test -->
