<?xml version="1.0" encoding="UTF-8"?>
<testng-results ignored="0" total="3" passed="3" failed="0" skipped="0">
  <reporter-output>
  </reporter-output>
  <suite started-at="2021-02-04T17:55:34 IST" name="testAll" finished-at="2021-02-04T17:55:58 IST" duration-ms="24069">
    <groups>
    </groups>
    <test started-at="2021-02-04T17:55:34 IST" name="Login" finished-at="2021-02-04T17:55:58 IST" duration-ms="24069">
      <class name="test.Profile">
        <test-method is-config="true" signature="setup()[pri:0, instance:test.Profile@57a78e3]" started-at="2021-02-04T17:55:34 IST" name="setup" finished-at="2021-02-04T17:55:38 IST" duration-ms="4722" status="PASS">
          <reporter-output>
          </reporter-output>
        </test-method> <!-- setup -->
        <test-method signature="testone()[pri:0, instance:test.Profile@57a78e3]" started-at="2021-02-04T17:55:38 IST" name="testone" finished-at="2021-02-04T17:55:38 IST" duration-ms="10" status="PASS">
          <reporter-output>
          </reporter-output>
        </test-method> <!-- testone -->
        <test-method signature="testBot_Login()[pri:0, instance:test.Profile@57a78e3]" started-at="2021-02-04T17:55:38 IST" name="testBot_Login" finished-at="2021-02-04T17:55:40 IST" duration-ms="1088" status="PASS">
          <reporter-output>
          </reporter-output>
        </test-method> <!-- testBot_Login -->
        <test-method signature="test_Profile()[pri:0, instance:test.Profile@57a78e3]" started-at="2021-02-04T17:55:40 IST" name="test_Profile" finished-at="2021-02-04T17:55:54 IST" duration-ms="14364" status="PASS">
          <reporter-output>
          </reporter-output>
        </test-method> <!-- test_Profile -->
        <test-method is-config="true" signature="teardown()[pri:0, instance:test.Profile@57a78e3]" started-at="2021-02-04T17:55:54 IST" name="teardown" finished-at="2021-02-04T17:55:58 IST" duration-ms="3830" status="PASS">
          <reporter-output>
          </reporter-output>
        </test-method> <!-- teardown -->
      </class> <!-- test.Profile -->
    </test> <!-- Login -->
  </suite> <!-- testAll -->
</testng-results>
